<?xml version="1.0" encoding="UTF-8"?>
<testng-results skipped="0" failed="0" ignored="0" total="2" passed="2">
  <reporter-output>
  </reporter-output>
  <suite name="Suite" duration-ms="68" started-at="2021-05-12T18:38:30Z" finished-at="2021-05-12T18:38:30Z">
    <groups>
    </groups>
    <test name="Test" duration-ms="68" started-at="2021-05-12T18:38:30Z" finished-at="2021-05-12T18:38:30Z">
      <class name="com.selenium.preparation.HomePage">
        <test-method status="PASS" signature="beforeSuite()[pri:0, instance:com.selenium.preparation.HomePage@7085bdee]" name="beforeSuite" is-config="true" duration-ms="13" started-at="2021-05-12T18:38:30Z" finished-at="2021-05-12T18:38:30Z">
          <reporter-output>
          </reporter-output>
        </test-method> <!-- beforeSuite -->
        <test-method status="PASS" signature="beforeTest()[pri:0, instance:com.selenium.preparation.HomePage@7085bdee]" name="beforeTest" is-config="true" duration-ms="4" started-at="2021-05-12T18:38:30Z" finished-at="2021-05-12T18:38:30Z">
          <reporter-output>
          </reporter-output>
        </test-method> <!-- beforeTest -->
        <test-method status="PASS" signature="beforeClass()[pri:0, instance:com.selenium.preparation.HomePage@7085bdee]" name="beforeClass" is-config="true" duration-ms="1" started-at="2021-05-12T18:38:30Z" finished-at="2021-05-12T18:38:30Z">
          <reporter-output>
          </reporter-output>
        </test-method> <!-- beforeClass -->
        <test-method status="PASS" signature="beforeMethod()[pri:0, instance:com.selenium.preparation.HomePage@7085bdee]" name="beforeMethod" is-config="true" duration-ms="1" started-at="2021-05-12T18:38:30Z" finished-at="2021-05-12T18:38:30Z">
          <reporter-output>
          </reporter-output>
        </test-method> <!-- beforeMethod -->
        <test-method status="PASS" signature="testOne()[pri:0, instance:com.selenium.preparation.HomePage@7085bdee]" name="testOne" duration-ms="10" started-at="2021-05-12T18:38:30Z" finished-at="2021-05-12T18:38:30Z">
          <reporter-output>
          </reporter-output>
        </test-method> <!-- testOne -->
        <test-method status="PASS" signature="afterMethod()[pri:0, instance:com.selenium.preparation.HomePage@7085bdee]" name="afterMethod" is-config="true" duration-ms="2" started-at="2021-05-12T18:38:30Z" finished-at="2021-05-12T18:38:30Z">
          <reporter-output>
          </reporter-output>
        </test-method> <!-- afterMethod -->
        <test-method status="PASS" signature="beforeMethod()[pri:0, instance:com.selenium.preparation.HomePage@7085bdee]" name="beforeMethod" is-config="true" duration-ms="1" started-at="2021-05-12T18:38:30Z" finished-at="2021-05-12T18:38:30Z">
          <reporter-output>
          </reporter-output>
        </test-method> <!-- beforeMethod -->
        <test-method status="PASS" signature="testTwo()[pri:0, instance:com.selenium.preparation.HomePage@7085bdee]" name="testTwo" duration-ms="2" started-at="2021-05-12T18:38:30Z" finished-at="2021-05-12T18:38:30Z">
          <reporter-output>
          </reporter-output>
        </test-method> <!-- testTwo -->
        <test-method status="PASS" signature="afterMethod()[pri:0, instance:com.selenium.preparation.HomePage@7085bdee]" name="afterMethod" is-config="true" duration-ms="1" started-at="2021-05-12T18:38:30Z" finished-at="2021-05-12T18:38:30Z">
          <reporter-output>
          </reporter-output>
        </test-method> <!-- afterMethod -->
        <test-method status="PASS" signature="afterClass()[pri:0, instance:com.selenium.preparation.HomePage@7085bdee]" name="afterClass" is-config="true" duration-ms="0" started-at="2021-05-12T18:38:30Z" finished-at="2021-05-12T18:38:30Z">
          <reporter-output>
          </reporter-output>
        </test-method> <!-- afterClass -->
        <test-method status="PASS" signature="afterTest()[pri:0, instance:com.selenium.preparation.HomePage@7085bdee]" name="afterTest" is-config="true" duration-ms="0" started-at="2021-05-12T18:38:30Z" finished-at="2021-05-12T18:38:30Z">
          <reporter-output>
          </reporter-output>
        </test-method> <!-- afterTest -->
        <test-method status="PASS" signature="afterSuite()[pri:0, instance:com.selenium.preparation.HomePage@7085bdee]" name="afterSuite" is-config="true" duration-ms="0" started-at="2021-05-12T18:38:30Z" finished-at="2021-05-12T18:38:30Z">
          <reporter-output>
          </reporter-output>
        </test-method> <!-- afterSuite -->
      </class> <!-- com.selenium.preparation.HomePage -->
    </test> <!-- Test -->
  </suite> <!-- Suite -->
</testng-results>
